<?xml version="1.0" encoding="UTF-8"?>
<!-- Generated by org.testng.reporters.JUnitReportReporter -->
<testsuite hostname="LAPTOP-PNIEMV0G" name="testcase.NewTest" tests="1" failures="0" timestamp="31 May 2018 03:00:32 GMT" time="0.024" errors="0">
  <testcase name="f" time="0.024" classname="testcase.NewTest"/>
</testsuite> <!-- testcase.NewTest -->
